<?xml version="1.0" encoding="UTF-8"?>
<!-- Generated by org.testng.reporters.JUnitReportReporter -->
<testsuite name="com.mycompany.app.TestFactorial" tests="1" time="0.008" ignored="0" failures="0" timestamp="26 Mar 2017 07:18:12 GMT" skipped="0" hostname="m-C02PJ271G3QN.local" errors="0">
  <testcase name="testFactorial" time="0.008" classname="com.mycompany.app.TestFactorial"/>
</testsuite> <!-- com.mycompany.app.TestFactorial -->
